
# powershell_utils/Utils
# In this README...
## Usage
### Show-Examples.ps1 (extract)
### ColGroup.psm1 (extracts)
## API - Utils
### Write-Debug
### Get-ObjLisFromCsv
### Get-Heading
### Get-ColHeaders
### Get-2LisAsLine
### Get-StrLisFromObjLis
### Remove-ExtraLF
### Install-Module
## Installation
## Unit Testing
### Unit Testing Prerequisites
### Unit Testing Process
#### Step 1: Create JSON File
##### Unit Test Wrapper Function
##### Scenario Category ANalysis (SCAN)
#### Step 2: Create Results Object
#### Step 3: Format Results
##### Unit Test Report - Powershell Utils
## Folder Structure
## See Also

