
# powershell_utils/TrapitUtils
# In This README...
## Background
## Usage
### General Usage
#### Step 1: Create JSON File
#### Step 2: Create Results Object
#### Step 3: Format Results
#### Batch Testing
### Examples
#### Example 1 - HelloWorld
##### Step 1: Create JSON File - HelloWorld
###### Unit Test Wrapper Function - HelloWorld
###### Scenario Category ANalysis (SCAN) - HelloWorld
##### Step 2: Create Results Object - HelloWorld
##### Step 3: Format Results - HelloWorld
###### Unit Test Report - HelloWorld
###### Scenario 1: No input
#### Example 2 - ColGroup
##### Step 1: Create JSON File - ColGroup
###### Unit Test Wrapper Function - ColGroup
###### Scenario Category ANalysis (SCAN) - ColGroup
##### Step 2: Create Results Object - ColGroup
##### Step 3: Format Results - ColGroup
###### Unit Test Report - ColGroup
###### Scenario 9: Multiple delimiter characters
#### Batch Testing
## API - TrapitUtils
### Write-UT_Template
### Get-UT_TemplateObject
### Test-Unit
#### $purelyWrapUnit
### Test-Format
### Test-FormatFolder
## Installation
### Install Prerequisites
### Install TrapitUtils
## Unit Testing
### Step 1: Create JSON File
#### Unit Test Wrapper Function
#### Scenario Category ANalysis (SCAN)
### Step 2: Create Results Object
### Step 3: Format Results
#### Unit Test Report - Get UT Template Object
#### Scenario 14: Multiple scenarios [Category Set: Scenarios Multiplicity]
## Folder Structure
## See Also

