
Demonstrate initial call to Write-Debug...
==========================================

Write-Debug 'Debug' $true

ColGroup constructor uses Get-ObjLisFromCsv...
==============================================

$grp = [ColGroup]::New($INPUT_FILE, $DELIM, $COL)

Demonstrate subsequent call to Write-Debug...
=============================================

Write-Debug ('Counted ' + $meas.count + ' teams, with ' + $meas.sum + ' appearances')

ColGroup.WriteList uses the pretty-printing functions...
========================================================

$grp.WriteList('(as is)', $grp.ListAsIs())

Counts sorted by (as is)
========================
Team         #apps
-----------  -----
Newcastle     1247
Aston Villa    685
Reading       1167
West Brom     1219
Tottenham     1288
Man City      1099
Southampton   1110
Everton       1147
Stoke City    1170
Arsenal        534
Norwich       1229
Fulham        1209
Liverpool     1227
Sunderland    1162
Man Utd       1231
Wigan         1036
Chelsea       1147
Swansea       1180
West Ham      1126
Blackburn       33
Wolves          31
QPR           1517
Bolton          37


Counts sorted by key
====================
Team         #apps
-----------  -----
Arsenal        534
Aston Villa    685
Blackburn       33
Bolton          37
Chelsea       1147
Everton       1147
Fulham        1209
Liverpool     1227
Man City      1099
Man Utd       1231
Newcastle     1247
Norwich       1229
QPR           1517
Reading       1167
Southampton   1110
Stoke City    1170
Sunderland    1162
Swansea       1180
Tottenham     1288
West Brom     1219
West Ham      1126
Wigan         1036
Wolves          31


Counts sorted by value
======================
Team         #apps
-----------  -----
Wolves          31
Blackburn       33
Bolton          37
Arsenal        534
Aston Villa    685
Wigan         1036
Man City      1099
Southampton   1110
West Ham      1126
Chelsea       1147
Everton       1147
Sunderland    1162
Reading       1167
Stoke City    1170
Swansea       1180
Fulham        1209
West Brom     1219
Liverpool     1227
Norwich       1229
Man Utd       1231
Newcastle     1247
Tottenham     1288
QPR           1517


Demonstrate call to Get-StrLisFromObjLis...
===========================================

Get-StrLisFromObjLis @($exampleObj1, $exampleObj2)

key11|key12
a|b
c|d

Counts on content of debug.log before and after calling Remove-ExtraLF...
=========================================================================

Remove-ExtraLF './debug.log'
Before:

Lines Words Characters Property
----- ----- ---------- --------
    2    11         86 
After:
    2    11         84 

Content of debug.log...
=======================

Debug starting, 04/09/2023 15:44:33: Debug
Counted 23 teams, with 22831 appearances

Demonstrate Install-Module...
=============================

Install-Module $PSScriptRoot 'ExampleModuleEmpty'
Installing ExampleModuleEmpty in C:\Users\Brend\OneDrive\Documents\PowerShell\Modules
                       
Installed in folder C:\Users\Brend\OneDrive\Documents\PowerShell\Modules\ExampleModuleEmpty...
C:\Users\Brend\OneDrive\Documents\PowerShell\Modules\ExampleModuleEmpty\ExampleModuleEmpty.psm1
Delete the installed module to clean up...

