Executing:  Show-HelloWorld.ps1 at 01-Dec-24 15:23:24
Hello World!
Executing:  Show-ColGroup.ps1

Counts sorted by (as is)
========================
Team         #apps
-----------  -----
Blackburn       33
Man Utd       1231
Reading       1167
Everton       1147
Liverpool     1227
Aston Villa    685
Bolton          37
Southampton   1110
Wolves          31
Tottenham     1288
Arsenal        534
Stoke City    1170
Swansea       1180
Norwich       1229
Chelsea       1147
West Brom     1219
Sunderland    1162
West Ham      1126
Newcastle     1247
QPR           1517
Man City      1099
Wigan         1036
Fulham        1209

Counts sorted by key
====================
Team         #apps
-----------  -----
Arsenal        534
Aston Villa    685
Blackburn       33
Bolton          37
Chelsea       1147
Everton       1147
Fulham        1209
Liverpool     1227
Man City      1099
Man Utd       1231
Newcastle     1247
Norwich       1229
QPR           1517
Reading       1167
Southampton   1110
Stoke City    1170
Sunderland    1162
Swansea       1180
Tottenham     1288
West Brom     1219
West Ham      1126
Wigan         1036
Wolves          31

Counts sorted by value
======================
Team         #apps
-----------  -----
Wolves          31
Blackburn       33
Bolton          37
Arsenal        534
Aston Villa    685
Wigan         1036
Man City      1099
Southampton   1110
West Ham      1126
Chelsea       1147
Everton       1147
Sunderland    1162
Reading       1167
Stoke City    1170
Swansea       1180
Fulham        1209
West Brom     1219
Liverpool     1227
Norwich       1229
Man Utd       1231
Newcastle     1247
Tottenham     1288
QPR           1517
