
# powershell_utils/MDUtils
# In This README...
## Usage
### Small Multilevel Example
#### Component File List
#### Input Markdown File
#### Target Markdown File
#### Screenshot of File in Chrome
#### Output Heading Tree
### This README\.md
#### Component File List
#### Screenshot of Contents Heading Section in Chrome
#### Output Heading Tree
## API
## Installation
## Unit Testing
### Unit Testing Prerequisites
### Unit Testing Process
#### Step 1: Create Input Scenarios File
##### Unit Test Wrapper Function
##### Scenario Category ANalysis (SCAN)
###### Generic Category Sets
###### Categories and Scenarios
#### Step 2: Create Results Object
#### Step 3: Format Results
#### Unit Test Driver Script
### Unit Test Results
##### Unit Test Report - Merge-LinkMDFiles
##### Scenario 3: Multiple files [Category Set: File Multiplicity]
## Folder Structure
## See Also

