
Counts sorted by (as is)
========================
Team         #apps
-----------  -----
Man Utd       1231
Norwich       1229
Reading       1167
Swansea       1180
West Ham      1126
Bolton          37
Aston Villa    685
Chelsea       1147
Wigan         1036
Wolves          31
Stoke City    1170
Tottenham     1288
Newcastle     1247
Sunderland    1162
West Brom     1219
Everton       1147
Liverpool     1227
QPR           1517
Blackburn       33
Fulham        1209
Arsenal        534
Southampton   1110
Man City      1099


Counts sorted by key
====================
Team         #apps
-----------  -----
Arsenal        534
Aston Villa    685
Blackburn       33
Bolton          37
Chelsea       1147
Everton       1147
Fulham        1209
Liverpool     1227
Man City      1099
Man Utd       1231
Newcastle     1247
Norwich       1229
QPR           1517
Reading       1167
Southampton   1110
Stoke City    1170
Sunderland    1162
Swansea       1180
Tottenham     1288
West Brom     1219
West Ham      1126
Wigan         1036
Wolves          31


Counts sorted by value
======================
Team         #apps
-----------  -----
Wolves          31
Blackburn       33
Bolton          37
Arsenal        534
Aston Villa    685
Wigan         1036
Man City      1099
Southampton   1110
West Ham      1126
Chelsea       1147
Everton       1147
Sunderland    1162
Reading       1167
Stoke City    1170
Swansea       1180
Fulham        1209
West Brom     1219
Liverpool     1227
Norwich       1229
Man Utd       1231
Newcastle     1247
Tottenham     1288
QPR           1517


Timer set: Example Timer Set, constructed at 2024-12-01 15:23:58, written at 2024-12-01 15:24:05
================================================================================================

Timer                  Elapsed       CPU   Calls     Ela/Call     CPU/Call
--------------------  --------  --------  ------  -----------  -----------
ColGroup constructor      6.89      3.42       1      6.89141      3.42188
ListAsIs                  0.03      0.02       1      0.03294      0.01562
SortByKey                 0.01      0.02       1      0.00798      0.01562
SortByValue               0.01      0.00       1      0.00877      0.00000
(Other)                   0.02      0.02       1      0.01778      0.01562
--------------------  --------  --------  ------  -----------  -----------
Total                     6.96      3.47       5      1.39177      0.69375
--------------------  --------  --------  ------  -----------  -----------
[Timer timed (per call in ms): Elapsed: 0.16044, CPU: 0.12401]
